<?xml version="1.0" encoding="UTF-8"?>
<testsuite xmlns:xsi="http://www.w3.org/2001/XMLSchema-instance" xsi:noNamespaceSchemaLocation="https://maven.apache.org/surefire/maven-surefire-plugin/xsd/surefire-test-report-3.0.xsd" version="3.0" name="TestSuite" time="78.475" tests="11" errors="0" skipped="0" failures="0">
  <properties>
[...]
</properties>
  <testcase name="signup" classname="test.TC_001_SignupTest" time="2.537">
    <system-out><![CDATA[Signup Successful
]]></system-out>
    <system-err><![CDATA[SLF4J(W): No SLF4J providers were found.
SLF4J(W): Defaulting to no-operation (NOP) logger implementation
SLF4J(W): See https://www.slf4j.org/codes.html#noProviders for further details.
Dec 20, 2024 11:10:53 AM org.openqa.selenium.devtools.CdpVersionFinder findNearestMatch
WARNING: Unable to find an exact match for CDP version 130, returning the closest version; found: 129; Please update to a Selenium version that supports CDP version 130
]]></system-err>
  </testcase>
  <testcase name="signup" classname="test.TC_001_SignupTest" time="2.414">
    <system-out><![CDATA[Signup Successful
]]></system-out>
    <system-err><![CDATA[Dec 20, 2024 11:10:59 AM org.openqa.selenium.devtools.CdpVersionFinder findNearestMatch
WARNING: Unable to find an exact match for CDP version 130, returning the closest version; found: 129; Please update to a Selenium version that supports CDP version 130
]]></system-err>
  </testcase>
  <testcase name="signup" classname="test.TC_001_SignupTest" time="2.555">
    <system-out><![CDATA[Signup Successful
]]></system-out>
    <system-err><![CDATA[Dec 20, 2024 11:11:32 AM org.openqa.selenium.devtools.CdpVersionFinder findNearestMatch
WARNING: Unable to find an exact match for CDP version 131, returning the closest version; found: 129; Please update to a Selenium version that supports CDP version 131
]]></system-err>
  </testcase>
  <testcase name="logintest" classname="test.TC_002_LoginTest" time="2.661">
    <system-out><![CDATA[Login Successful
]]></system-out>
    <system-err><![CDATA[Dec 20, 2024 11:11:05 AM org.openqa.selenium.devtools.CdpVersionFinder findNearestMatch
WARNING: Unable to find an exact match for CDP version 130, returning the closest version; found: 129; Please update to a Selenium version that supports CDP version 130
]]></system-err>
  </testcase>
  <testcase name="logintest" classname="test.TC_002_LoginTest" time="2.9">
    <system-out><![CDATA[Login Failed
]]></system-out>
    <system-err><![CDATA[Dec 20, 2024 11:11:39 AM org.openqa.selenium.devtools.CdpVersionFinder findNearestMatch
WARNING: Unable to find an exact match for CDP version 131, returning the closest version; found: 129; Please update to a Selenium version that supports CDP version 131
]]></system-err>
  </testcase>
  <testcase name="invalidlogintest" classname="test.TC_005_InvalidLoginTest" time="2.649">
    <system-out><![CDATA[Test Case Passed
]]></system-out>
    <system-err><![CDATA[Dec 20, 2024 11:11:10 AM org.openqa.selenium.devtools.CdpVersionFinder findNearestMatch
WARNING: Unable to find an exact match for CDP version 130, returning the closest version; found: 129; Please update to a Selenium version that supports CDP version 130
]]></system-err>
  </testcase>
  <testcase name="invalidlogintest" classname="test.TC_005_InvalidLoginTest" time="2.737">
    <system-out><![CDATA[Test Case Passed
]]></system-out>
    <system-err><![CDATA[Dec 20, 2024 11:11:46 AM org.openqa.selenium.devtools.CdpVersionFinder findNearestMatch
WARNING: Unable to find an exact match for CDP version 131, returning the closest version; found: 129; Please update to a Selenium version that supports CDP version 131
]]></system-err>
  </testcase>
  <testcase name="productselectionTest" classname="test.TC_003_ProductSelectionTest" time="4.56">
    <system-out><![CDATA[Product Selected Successfully
]]></system-out>
    <system-err><![CDATA[Dec 20, 2024 11:11:16 AM org.openqa.selenium.devtools.CdpVersionFinder findNearestMatch
WARNING: Unable to find an exact match for CDP version 130, returning the closest version; found: 129; Please update to a Selenium version that supports CDP version 130
]]></system-err>
  </testcase>
  <testcase name="productselectionTest" classname="test.TC_003_ProductSelectionTest" time="4.622">
    <system-out><![CDATA[Product Selected Successfully
]]></system-out>
    <system-err><![CDATA[Dec 20, 2024 11:11:52 AM org.openqa.selenium.devtools.CdpVersionFinder findNearestMatch
WARNING: Unable to find an exact match for CDP version 131, returning the closest version; found: 129; Please update to a Selenium version that supports CDP version 131
]]></system-err>
  </testcase>
  <testcase name="CheckoutTest" classname="test.TC_004_CheckoutTest" time="4.543">
    <system-out><![CDATA[Checkout Successfully
]]></system-out>
    <system-err><![CDATA[Dec 20, 2024 11:11:24 AM org.openqa.selenium.devtools.CdpVersionFinder findNearestMatch
WARNING: Unable to find an exact match for CDP version 130, returning the closest version; found: 129; Please update to a Selenium version that supports CDP version 130
]]></system-err>
  </testcase>
  <testcase name="CheckoutTest" classname="test.TC_004_CheckoutTest" time="4.732">
    <system-out><![CDATA[Checkout Successfully
]]></system-out>
    <system-err><![CDATA[Dec 20, 2024 11:12:01 AM org.openqa.selenium.devtools.CdpVersionFinder findNearestMatch
WARNING: Unable to find an exact match for CDP version 131, returning the closest version; found: 129; Please update to a Selenium version that supports CDP version 131
]]></system-err>
  </testcase>
</testsuite>