<?xml version="1.0" encoding="UTF-8"?>
<!-- Generated by org.testng.reporters.JUnitXMLReporter -->
<testsuite ignored="8" hostname="DESKTOP-M0FLA98" failures="0" tests="5" name="ChromeTest" time="32.41" errors="0" timestamp="2024-12-20T11:11:30 IST">
  <testcase classname="test.TC_001_SignupTest" name="signup" time="2.416"/>
  <testcase classname="test.TC_002_LoginTest" name="logintest" time="2.661"/>
  <testcase classname="test.TC_005_InvalidLoginTest" name="invalidlogintest" time="2.645"/>
  <testcase classname="test.TC_003_ProductSelectionTest" name="productselectionTest" time="4.56"/>
  <testcase classname="test.TC_004_CheckoutTest" name="CheckoutTest" time="4.543"/>
  <testcase classname="base.ProjectSpecificationMethod" name="@BeforeSuite reportInitialization" time="0.0">
    <ignored/>
  </testcase> <!-- @BeforeSuite reportInitialization -->
  <testcase classname="base.ProjectSpecificationMethod" name="@AfterSuite reportclose" time="0.0">
    <ignored/>
  </testcase> <!-- @AfterSuite reportclose -->
  <testcase classname="base.ProjectSpecificationMethod" name="@AfterSuite reportclose" time="0.0">
    <ignored/>
  </testcase> <!-- @AfterSuite reportclose -->
  <testcase classname="base.ProjectSpecificationMethod" name="@BeforeSuite reportInitialization" time="0.0">
    <ignored/>
  </testcase> <!-- @BeforeSuite reportInitialization -->
  <testcase classname="base.ProjectSpecificationMethod" name="@BeforeSuite reportInitialization" time="0.0">
    <ignored/>
  </testcase> <!-- @BeforeSuite reportInitialization -->
  <testcase classname="base.ProjectSpecificationMethod" name="@BeforeSuite reportInitialization" time="0.0">
    <ignored/>
  </testcase> <!-- @BeforeSuite reportInitialization -->
  <testcase classname="base.ProjectSpecificationMethod" name="@AfterSuite reportclose" time="0.0">
    <ignored/>
  </testcase> <!-- @AfterSuite reportclose -->
  <testcase classname="base.ProjectSpecificationMethod" name="@AfterSuite reportclose" time="0.0">
    <ignored/>
  </testcase> <!-- @AfterSuite reportclose -->
</testsuite> <!-- ChromeTest -->
