<?xml version="1.0" encoding="UTF-8"?>
<testng-results ignored="16" total="26" passed="10" failed="0" skipped="0">
  <reporter-output>
  </reporter-output>
  <suite started-at="2024-12-20T10:59:25 IST" name="Suite" finished-at="2024-12-20T11:00:37 IST" duration-ms="72256">
    <groups>
    </groups>
    <test started-at="2024-12-20T10:59:25 IST" name="ChromeTest" finished-at="2024-12-20T10:59:58 IST" duration-ms="32919">
      <class name="test.TC_001_SignupTest">
        <test-method is-config="true" signature="setup()[pri:0, instance:test.TC_001_SignupTest@5b12b668]" started-at="2024-12-20T10:59:25 IST" name="setup" finished-at="2024-12-20T10:59:25 IST" duration-ms="1" status="PASS">
          <reporter-output>
          </reporter-output>
        </test-method> <!-- setup -->
        <test-method is-config="true" signature="testDetails()[pri:0, instance:test.TC_001_SignupTest@5b12b668]" started-at="2024-12-20T10:59:25 IST" name="testDetails" finished-at="2024-12-20T10:59:25 IST" duration-ms="6" status="PASS">
          <reporter-output>
          </reporter-output>
        </test-method> <!-- testDetails -->
        <test-method is-config="true" signature="launchandLoadURL(java.lang.String,java.lang.String)[pri:0, instance:test.TC_001_SignupTest@5b12b668]" started-at="2024-12-20T10:59:25 IST" name="launchandLoadURL" finished-at="2024-12-20T10:59:28 IST" duration-ms="3271" status="PASS">
          <params>
            <param index="0">
              <value>
                <![CDATA[https://www.demoblaze.com/]]>
              </value>
            </param>
            <param index="1">
              <value>
                <![CDATA[chrome]]>
              </value>
            </param>
          </params>
          <reporter-output>
          </reporter-output>
        </test-method> <!-- launchandLoadURL -->
        <test-method signature="signup()[pri:0, instance:test.TC_001_SignupTest@5b12b668]" started-at="2024-12-20T10:59:28 IST" name="signup" finished-at="2024-12-20T10:59:31 IST" duration-ms="2532" status="PASS">
          <reporter-output>
          </reporter-output>
        </test-method> <!-- signup -->
        <test-method is-config="true" signature="closeBrowser()[pri:0, instance:test.TC_001_SignupTest@5b12b668]" started-at="2024-12-20T10:59:31 IST" name="closeBrowser" finished-at="2024-12-20T10:59:31 IST" duration-ms="297" status="PASS">
          <reporter-output>
          </reporter-output>
        </test-method> <!-- closeBrowser -->
      </class> <!-- test.TC_001_SignupTest -->
      <class name="test.TC_005_InvalidLoginTest">
        <test-method is-config="true" signature="setup()[pri:0, instance:test.TC_005_InvalidLoginTest@7e6f74c]" started-at="2024-12-20T10:59:25 IST" name="setup" finished-at="2024-12-20T10:59:25 IST" duration-ms="0" status="PASS">
          <reporter-output>
          </reporter-output>
        </test-method> <!-- setup -->
        <test-method is-config="true" signature="testDetails()[pri:0, instance:test.TC_005_InvalidLoginTest@7e6f74c]" started-at="2024-12-20T10:59:37 IST" name="testDetails" finished-at="2024-12-20T10:59:37 IST" duration-ms="2" status="PASS">
          <reporter-output>
          </reporter-output>
        </test-method> <!-- testDetails -->
        <test-method is-config="true" signature="launchandLoadURL(java.lang.String,java.lang.String)[pri:0, instance:test.TC_005_InvalidLoginTest@7e6f74c]" started-at="2024-12-20T10:59:37 IST" name="launchandLoadURL" finished-at="2024-12-20T10:59:40 IST" duration-ms="3076" status="PASS">
          <params>
            <param index="0">
              <value>
                <![CDATA[https://www.demoblaze.com/]]>
              </value>
            </param>
            <param index="1">
              <value>
                <![CDATA[chrome]]>
              </value>
            </param>
          </params>
          <reporter-output>
          </reporter-output>
        </test-method> <!-- launchandLoadURL -->
        <test-method signature="invalidlogintest()[pri:0, instance:test.TC_005_InvalidLoginTest@7e6f74c]" started-at="2024-12-20T10:59:40 IST" name="invalidlogintest" finished-at="2024-12-20T10:59:42 IST" duration-ms="2642" status="PASS">
          <reporter-output>
          </reporter-output>
        </test-method> <!-- invalidlogintest -->
        <test-method is-config="true" signature="closeBrowser()[pri:0, instance:test.TC_005_InvalidLoginTest@7e6f74c]" started-at="2024-12-20T10:59:42 IST" name="closeBrowser" finished-at="2024-12-20T10:59:43 IST" duration-ms="293" status="PASS">
          <reporter-output>
          </reporter-output>
        </test-method> <!-- closeBrowser -->
      </class> <!-- test.TC_005_InvalidLoginTest -->
      <class name="test.TC_002_LoginTest">
        <test-method is-config="true" signature="setup()[pri:0, instance:test.TC_002_LoginTest@44c03695]" started-at="2024-12-20T10:59:25 IST" name="setup" finished-at="2024-12-20T10:59:25 IST" duration-ms="1" status="PASS">
          <reporter-output>
          </reporter-output>
        </test-method> <!-- setup -->
        <test-method is-config="true" signature="testDetails()[pri:0, instance:test.TC_002_LoginTest@44c03695]" started-at="2024-12-20T10:59:31 IST" name="testDetails" finished-at="2024-12-20T10:59:31 IST" duration-ms="0" status="PASS">
          <reporter-output>
          </reporter-output>
        </test-method> <!-- testDetails -->
        <test-method is-config="true" signature="launchandLoadURL(java.lang.String,java.lang.String)[pri:0, instance:test.TC_002_LoginTest@44c03695]" started-at="2024-12-20T10:59:31 IST" name="launchandLoadURL" finished-at="2024-12-20T10:59:34 IST" duration-ms="2775" status="PASS">
          <params>
            <param index="0">
              <value>
                <![CDATA[https://www.demoblaze.com/]]>
              </value>
            </param>
            <param index="1">
              <value>
                <![CDATA[chrome]]>
              </value>
            </param>
          </params>
          <reporter-output>
          </reporter-output>
        </test-method> <!-- launchandLoadURL -->
        <test-method signature="logintest()[pri:0, instance:test.TC_002_LoginTest@44c03695]" started-at="2024-12-20T10:59:34 IST" name="logintest" finished-at="2024-12-20T10:59:36 IST" duration-ms="2692" status="PASS">
          <reporter-output>
          </reporter-output>
        </test-method> <!-- logintest -->
        <test-method is-config="true" signature="closeBrowser()[pri:0, instance:test.TC_002_LoginTest@44c03695]" started-at="2024-12-20T10:59:36 IST" name="closeBrowser" finished-at="2024-12-20T10:59:37 IST" duration-ms="307" status="PASS">
          <reporter-output>
          </reporter-output>
        </test-method> <!-- closeBrowser -->
      </class> <!-- test.TC_002_LoginTest -->
      <class name="test.TC_004_CheckoutTest">
        <test-method is-config="true" signature="setup()[pri:0, instance:test.TC_004_CheckoutTest@6a78afa0]" started-at="2024-12-20T10:59:25 IST" name="setup" finished-at="2024-12-20T10:59:25 IST" duration-ms="1" status="PASS">
          <reporter-output>
          </reporter-output>
        </test-method> <!-- setup -->
        <test-method is-config="true" signature="testDetails()[pri:0, instance:test.TC_004_CheckoutTest@6a78afa0]" started-at="2024-12-20T10:59:50 IST" name="testDetails" finished-at="2024-12-20T10:59:50 IST" duration-ms="1" status="PASS">
          <reporter-output>
          </reporter-output>
        </test-method> <!-- testDetails -->
        <test-method is-config="true" signature="launchandLoadURL(java.lang.String,java.lang.String)[pri:0, instance:test.TC_004_CheckoutTest@6a78afa0]" started-at="2024-12-20T10:59:50 IST" name="launchandLoadURL" finished-at="2024-12-20T10:59:53 IST" duration-ms="2740" status="PASS">
          <params>
            <param index="0">
              <value>
                <![CDATA[https://www.demoblaze.com/]]>
              </value>
            </param>
            <param index="1">
              <value>
                <![CDATA[chrome]]>
              </value>
            </param>
          </params>
          <reporter-output>
          </reporter-output>
        </test-method> <!-- launchandLoadURL -->
        <test-method signature="CheckoutTest()[pri:0, instance:test.TC_004_CheckoutTest@6a78afa0]" started-at="2024-12-20T10:59:53 IST" name="CheckoutTest" finished-at="2024-12-20T10:59:57 IST" duration-ms="4312" status="PASS">
          <reporter-output>
          </reporter-output>
        </test-method> <!-- CheckoutTest -->
        <test-method is-config="true" signature="closeBrowser()[pri:0, instance:test.TC_004_CheckoutTest@6a78afa0]" started-at="2024-12-20T10:59:57 IST" name="closeBrowser" finished-at="2024-12-20T10:59:58 IST" duration-ms="279" status="PASS">
          <reporter-output>
          </reporter-output>
        </test-method> <!-- closeBrowser -->
      </class> <!-- test.TC_004_CheckoutTest -->
      <class name="test.TC_003_ProductSelectionTest">
        <test-method is-config="true" signature="setup()[pri:0, instance:test.TC_003_ProductSelectionTest@dd05255]" started-at="2024-12-20T10:59:25 IST" name="setup" finished-at="2024-12-20T10:59:25 IST" duration-ms="0" status="PASS">
          <reporter-output>
          </reporter-output>
        </test-method> <!-- setup -->
        <test-method is-config="true" signature="testDetails()[pri:0, instance:test.TC_003_ProductSelectionTest@dd05255]" started-at="2024-12-20T10:59:43 IST" name="testDetails" finished-at="2024-12-20T10:59:43 IST" duration-ms="0" status="PASS">
          <reporter-output>
          </reporter-output>
        </test-method> <!-- testDetails -->
        <test-method is-config="true" signature="launchandLoadURL(java.lang.String,java.lang.String)[pri:0, instance:test.TC_003_ProductSelectionTest@dd05255]" started-at="2024-12-20T10:59:43 IST" name="launchandLoadURL" finished-at="2024-12-20T10:59:46 IST" duration-ms="2970" status="PASS">
          <params>
            <param index="0">
              <value>
                <![CDATA[https://www.demoblaze.com/]]>
              </value>
            </param>
            <param index="1">
              <value>
                <![CDATA[chrome]]>
              </value>
            </param>
          </params>
          <reporter-output>
          </reporter-output>
        </test-method> <!-- launchandLoadURL -->
        <test-method signature="productselectionTest()[pri:0, instance:test.TC_003_ProductSelectionTest@dd05255]" started-at="2024-12-20T10:59:46 IST" name="productselectionTest" finished-at="2024-12-20T10:59:50 IST" duration-ms="4382" status="PASS">
          <reporter-output>
          </reporter-output>
        </test-method> <!-- productselectionTest -->
        <test-method is-config="true" signature="closeBrowser()[pri:0, instance:test.TC_003_ProductSelectionTest@dd05255]" started-at="2024-12-20T10:59:50 IST" name="closeBrowser" finished-at="2024-12-20T10:59:50 IST" duration-ms="299" status="PASS">
          <reporter-output>
          </reporter-output>
        </test-method> <!-- closeBrowser -->
      </class> <!-- test.TC_003_ProductSelectionTest -->
    </test> <!-- ChromeTest -->
    <test started-at="2024-12-20T10:59:58 IST" name="EdgeTest" finished-at="2024-12-20T11:00:37 IST" duration-ms="39307">
      <class name="test.TC_001_SignupTest">
        <test-method is-config="true" signature="reportInitialization()[pri:0, instance:test.TC_001_SignupTest@2aceadd4]" started-at="2024-12-20T10:59:25 IST" name="reportInitialization" finished-at="2024-12-20T10:59:25 IST" duration-ms="180" status="PASS">
          <reporter-output>
          </reporter-output>
        </test-method> <!-- reportInitialization -->
        <test-method is-config="true" signature="setup()[pri:0, instance:test.TC_001_SignupTest@2aceadd4]" started-at="2024-12-20T10:59:58 IST" name="setup" finished-at="2024-12-20T10:59:58 IST" duration-ms="1" status="PASS">
          <reporter-output>
          </reporter-output>
        </test-method> <!-- setup -->
        <test-method is-config="true" signature="testDetails()[pri:0, instance:test.TC_001_SignupTest@2aceadd4]" started-at="2024-12-20T10:59:58 IST" name="testDetails" finished-at="2024-12-20T10:59:58 IST" duration-ms="0" status="PASS">
          <reporter-output>
          </reporter-output>
        </test-method> <!-- testDetails -->
        <test-method is-config="true" signature="launchandLoadURL(java.lang.String,java.lang.String)[pri:0, instance:test.TC_001_SignupTest@2aceadd4]" started-at="2024-12-20T10:59:58 IST" name="launchandLoadURL" finished-at="2024-12-20T11:00:01 IST" duration-ms="3204" status="PASS">
          <params>
            <param index="0">
              <value>
                <![CDATA[https://www.demoblaze.com/]]>
              </value>
            </param>
            <param index="1">
              <value>
                <![CDATA[edge]]>
              </value>
            </param>
          </params>
          <reporter-output>
          </reporter-output>
        </test-method> <!-- launchandLoadURL -->
        <test-method signature="signup()[pri:0, instance:test.TC_001_SignupTest@2aceadd4]" started-at="2024-12-20T11:00:01 IST" name="signup" finished-at="2024-12-20T11:00:03 IST" duration-ms="2616" status="PASS">
          <reporter-output>
          </reporter-output>
        </test-method> <!-- signup -->
        <test-method is-config="true" signature="closeBrowser()[pri:0, instance:test.TC_001_SignupTest@2aceadd4]" started-at="2024-12-20T11:00:03 IST" name="closeBrowser" finished-at="2024-12-20T11:00:05 IST" duration-ms="1484" status="PASS">
          <reporter-output>
          </reporter-output>
        </test-method> <!-- closeBrowser -->
        <test-method is-config="true" signature="reportclose()[pri:0, instance:test.TC_001_SignupTest@2aceadd4]" started-at="2024-12-20T11:00:37 IST" name="reportclose" finished-at="2024-12-20T11:00:37 IST" duration-ms="249" status="PASS">
          <reporter-output>
          </reporter-output>
        </test-method> <!-- reportclose -->
      </class> <!-- test.TC_001_SignupTest -->
      <class name="test.TC_002_LoginTest">
        <test-method is-config="true" signature="setup()[pri:0, instance:test.TC_002_LoginTest@24aed80c]" started-at="2024-12-20T10:59:58 IST" name="setup" finished-at="2024-12-20T10:59:58 IST" duration-ms="0" status="PASS">
          <reporter-output>
          </reporter-output>
        </test-method> <!-- setup -->
        <test-method is-config="true" signature="launchandLoadURL(java.lang.String,java.lang.String)[pri:0, instance:test.TC_002_LoginTest@24aed80c]" started-at="2024-12-20T11:00:05 IST" name="launchandLoadURL" finished-at="2024-12-20T11:00:08 IST" duration-ms="2641" status="PASS">
          <params>
            <param index="0">
              <value>
                <![CDATA[https://www.demoblaze.com/]]>
              </value>
            </param>
            <param index="1">
              <value>
                <![CDATA[edge]]>
              </value>
            </param>
          </params>
          <reporter-output>
          </reporter-output>
        </test-method> <!-- launchandLoadURL -->
        <test-method is-config="true" signature="testDetails()[pri:0, instance:test.TC_002_LoginTest@24aed80c]" started-at="2024-12-20T11:00:05 IST" name="testDetails" finished-at="2024-12-20T11:00:05 IST" duration-ms="0" status="PASS">
          <reporter-output>
          </reporter-output>
        </test-method> <!-- testDetails -->
        <test-method signature="logintest()[pri:0, instance:test.TC_002_LoginTest@24aed80c]" started-at="2024-12-20T11:00:08 IST" name="logintest" finished-at="2024-12-20T11:00:10 IST" duration-ms="2724" status="PASS">
          <reporter-output>
          </reporter-output>
        </test-method> <!-- logintest -->
        <test-method is-config="true" signature="closeBrowser()[pri:0, instance:test.TC_002_LoginTest@24aed80c]" started-at="2024-12-20T11:00:10 IST" name="closeBrowser" finished-at="2024-12-20T11:00:12 IST" duration-ms="1425" status="PASS">
          <reporter-output>
          </reporter-output>
        </test-method> <!-- closeBrowser -->
      </class> <!-- test.TC_002_LoginTest -->
      <class name="test.TC_005_InvalidLoginTest">
        <test-method is-config="true" signature="setup()[pri:0, instance:test.TC_005_InvalidLoginTest@3a52dba3]" started-at="2024-12-20T10:59:58 IST" name="setup" finished-at="2024-12-20T10:59:58 IST" duration-ms="0" status="PASS">
          <reporter-output>
          </reporter-output>
        </test-method> <!-- setup -->
        <test-method is-config="true" signature="testDetails()[pri:0, instance:test.TC_005_InvalidLoginTest@3a52dba3]" started-at="2024-12-20T11:00:12 IST" name="testDetails" finished-at="2024-12-20T11:00:12 IST" duration-ms="0" status="PASS">
          <reporter-output>
          </reporter-output>
        </test-method> <!-- testDetails -->
        <test-method is-config="true" signature="launchandLoadURL(java.lang.String,java.lang.String)[pri:0, instance:test.TC_005_InvalidLoginTest@3a52dba3]" started-at="2024-12-20T11:00:12 IST" name="launchandLoadURL" finished-at="2024-12-20T11:00:15 IST" duration-ms="3125" status="PASS">
          <params>
            <param index="0">
              <value>
                <![CDATA[https://www.demoblaze.com/]]>
              </value>
            </param>
            <param index="1">
              <value>
                <![CDATA[edge]]>
              </value>
            </param>
          </params>
          <reporter-output>
          </reporter-output>
        </test-method> <!-- launchandLoadURL -->
        <test-method signature="invalidlogintest()[pri:0, instance:test.TC_005_InvalidLoginTest@3a52dba3]" started-at="2024-12-20T11:00:15 IST" name="invalidlogintest" finished-at="2024-12-20T11:00:18 IST" duration-ms="2728" status="PASS">
          <reporter-output>
          </reporter-output>
        </test-method> <!-- invalidlogintest -->
        <test-method is-config="true" signature="closeBrowser()[pri:0, instance:test.TC_005_InvalidLoginTest@3a52dba3]" started-at="2024-12-20T11:00:18 IST" name="closeBrowser" finished-at="2024-12-20T11:00:19 IST" duration-ms="1542" status="PASS">
          <reporter-output>
          </reporter-output>
        </test-method> <!-- closeBrowser -->
      </class> <!-- test.TC_005_InvalidLoginTest -->
      <class name="test.TC_004_CheckoutTest">
        <test-method is-config="true" signature="setup()[pri:0, instance:test.TC_004_CheckoutTest@752325ad]" started-at="2024-12-20T10:59:58 IST" name="setup" finished-at="2024-12-20T10:59:58 IST" duration-ms="1" status="PASS">
          <reporter-output>
          </reporter-output>
        </test-method> <!-- setup -->
        <test-method is-config="true" signature="testDetails()[pri:0, instance:test.TC_004_CheckoutTest@752325ad]" started-at="2024-12-20T11:00:28 IST" name="testDetails" finished-at="2024-12-20T11:00:28 IST" duration-ms="0" status="PASS">
          <reporter-output>
          </reporter-output>
        </test-method> <!-- testDetails -->
        <test-method is-config="true" signature="launchandLoadURL(java.lang.String,java.lang.String)[pri:0, instance:test.TC_004_CheckoutTest@752325ad]" started-at="2024-12-20T11:00:28 IST" name="launchandLoadURL" finished-at="2024-12-20T11:00:31 IST" duration-ms="2819" status="PASS">
          <params>
            <param index="0">
              <value>
                <![CDATA[https://www.demoblaze.com/]]>
              </value>
            </param>
            <param index="1">
              <value>
                <![CDATA[edge]]>
              </value>
            </param>
          </params>
          <reporter-output>
          </reporter-output>
        </test-method> <!-- launchandLoadURL -->
        <test-method signature="CheckoutTest()[pri:0, instance:test.TC_004_CheckoutTest@752325ad]" started-at="2024-12-20T11:00:31 IST" name="CheckoutTest" finished-at="2024-12-20T11:00:35 IST" duration-ms="4581" status="PASS">
          <reporter-output>
          </reporter-output>
        </test-method> <!-- CheckoutTest -->
        <test-method is-config="true" signature="closeBrowser()[pri:0, instance:test.TC_004_CheckoutTest@752325ad]" started-at="2024-12-20T11:00:35 IST" name="closeBrowser" finished-at="2024-12-20T11:00:37 IST" duration-ms="1455" status="PASS">
          <reporter-output>
          </reporter-output>
        </test-method> <!-- closeBrowser -->
      </class> <!-- test.TC_004_CheckoutTest -->
      <class name="test.TC_003_ProductSelectionTest">
        <test-method is-config="true" signature="setup()[pri:0, instance:test.TC_003_ProductSelectionTest@2a5c8d3f]" started-at="2024-12-20T10:59:58 IST" name="setup" finished-at="2024-12-20T10:59:58 IST" duration-ms="0" status="PASS">
          <reporter-output>
          </reporter-output>
        </test-method> <!-- setup -->
        <test-method is-config="true" signature="testDetails()[pri:0, instance:test.TC_003_ProductSelectionTest@2a5c8d3f]" started-at="2024-12-20T11:00:19 IST" name="testDetails" finished-at="2024-12-20T11:00:19 IST" duration-ms="1" status="PASS">
          <reporter-output>
          </reporter-output>
        </test-method> <!-- testDetails -->
        <test-method is-config="true" signature="launchandLoadURL(java.lang.String,java.lang.String)[pri:0, instance:test.TC_003_ProductSelectionTest@2a5c8d3f]" started-at="2024-12-20T11:00:19 IST" name="launchandLoadURL" finished-at="2024-12-20T11:00:22 IST" duration-ms="2840" status="PASS">
          <params>
            <param index="0">
              <value>
                <![CDATA[https://www.demoblaze.com/]]>
              </value>
            </param>
            <param index="1">
              <value>
                <![CDATA[edge]]>
              </value>
            </param>
          </params>
          <reporter-output>
          </reporter-output>
        </test-method> <!-- launchandLoadURL -->
        <test-method signature="productselectionTest()[pri:0, instance:test.TC_003_ProductSelectionTest@2a5c8d3f]" started-at="2024-12-20T11:00:22 IST" name="productselectionTest" finished-at="2024-12-20T11:00:27 IST" duration-ms="4557" status="PASS">
          <reporter-output>
          </reporter-output>
        </test-method> <!-- productselectionTest -->
        <test-method is-config="true" signature="closeBrowser()[pri:0, instance:test.TC_003_ProductSelectionTest@2a5c8d3f]" started-at="2024-12-20T11:00:27 IST" name="closeBrowser" finished-at="2024-12-20T11:00:28 IST" duration-ms="1544" status="PASS">
          <reporter-output>
          </reporter-output>
        </test-method> <!-- closeBrowser -->
      </class> <!-- test.TC_003_ProductSelectionTest -->
    </test> <!-- EdgeTest -->
  </suite> <!-- Suite -->
</testng-results>
